<?xml version="1.0" encoding="UTF-8"?>
<testng-results skipped="0" failed="1" ignored="0" total="3" passed="2">
  <reporter-output>
  </reporter-output>
  <suite name="Suite" duration-ms="30909" started-at="2020-09-09T16:16:30Z" finished-at="2020-09-09T16:17:01Z">
    <groups>
    </groups>
    <test name="TestFirefox" duration-ms="28121" started-at="2020-09-09T16:16:30Z" finished-at="2020-09-09T16:16:58Z">
      <class name="test.TestActitimeLogin">
        <test-method status="PASS" signature="openBrowser(java.lang.String)[pri:0, instance:test.TestActitimeLogin@3e9b1010]" name="openBrowser" is-config="true" duration-ms="9279" started-at="2020-09-09T16:16:30Z" finished-at="2020-09-09T16:16:39Z">
          <params>
            <param index="0">
              <value>
                <![CDATA[firefox]]>
              </value>
            </param>
          </params>
          <reporter-output>
          </reporter-output>
        </test-method> <!-- openBrowser -->
        <test-method status="PASS" signature="openApplication()[pri:0, instance:test.TestActitimeLogin@3e9b1010]" name="openApplication" is-config="true" duration-ms="10695" started-at="2020-09-09T16:16:39Z" finished-at="2020-09-09T16:16:50Z">
          <reporter-output>
          </reporter-output>
        </test-method> <!-- openApplication -->
        <test-method status="PASS" signature="login()[pri:0, instance:test.TestActitimeLogin@3e9b1010]" name="login" duration-ms="5118" started-at="2020-09-09T16:16:50Z" finished-at="2020-09-09T16:16:55Z">
          <reporter-output>
          </reporter-output>
        </test-method> <!-- login -->
        <test-method status="PASS" signature="closeBrowser()[pri:0, instance:test.TestActitimeLogin@3e9b1010]" name="closeBrowser" is-config="true" duration-ms="3003" started-at="2020-09-09T16:16:55Z" finished-at="2020-09-09T16:16:58Z">
          <reporter-output>
          </reporter-output>
        </test-method> <!-- closeBrowser -->
      </class> <!-- test.TestActitimeLogin -->
    </test> <!-- TestFirefox -->
    <test name="TestChrome" duration-ms="30669" started-at="2020-09-09T16:16:30Z" finished-at="2020-09-09T16:17:00Z">
      <class name="test.TestActitimeLogin">
        <test-method status="PASS" signature="openBrowser(java.lang.String)[pri:0, instance:test.TestActitimeLogin@64bf3bbf]" name="openBrowser" is-config="true" duration-ms="8190" started-at="2020-09-09T16:16:30Z" finished-at="2020-09-09T16:16:38Z">
          <params>
            <param index="0">
              <value>
                <![CDATA[chrome]]>
              </value>
            </param>
          </params>
          <reporter-output>
          </reporter-output>
        </test-method> <!-- openBrowser -->
        <test-method status="PASS" signature="openApplication()[pri:0, instance:test.TestActitimeLogin@64bf3bbf]" name="openApplication" is-config="true" duration-ms="9423" started-at="2020-09-09T16:16:38Z" finished-at="2020-09-09T16:16:47Z">
          <reporter-output>
          </reporter-output>
        </test-method> <!-- openApplication -->
        <test-method status="PASS" signature="login()[pri:0, instance:test.TestActitimeLogin@64bf3bbf]" name="login" duration-ms="10005" started-at="2020-09-09T16:16:47Z" finished-at="2020-09-09T16:16:57Z">
          <reporter-output>
          </reporter-output>
        </test-method> <!-- login -->
        <test-method status="PASS" signature="closeBrowser()[pri:0, instance:test.TestActitimeLogin@64bf3bbf]" name="closeBrowser" is-config="true" duration-ms="3013" started-at="2020-09-09T16:16:57Z" finished-at="2020-09-09T16:17:00Z">
          <reporter-output>
          </reporter-output>
        </test-method> <!-- closeBrowser -->
      </class> <!-- test.TestActitimeLogin -->
    </test> <!-- TestChrome -->
    <test name="TestEdge" duration-ms="30909" started-at="2020-09-09T16:16:30Z" finished-at="2020-09-09T16:17:01Z">
      <class name="test.TestActitimeLogin">
        <test-method status="PASS" signature="start()[pri:0, instance:test.TestActitimeLogin@eec5a4a]" name="start" is-config="true" duration-ms="22" started-at="2020-09-09T16:16:30Z" finished-at="2020-09-09T16:16:30Z">
          <reporter-output>
          </reporter-output>
        </test-method> <!-- start -->
        <test-method status="PASS" signature="openBrowser(java.lang.String)[pri:0, instance:test.TestActitimeLogin@eec5a4a]" name="openBrowser" is-config="true" duration-ms="9961" started-at="2020-09-09T16:16:30Z" finished-at="2020-09-09T16:16:40Z">
          <params>
            <param index="0">
              <value>
                <![CDATA[edge]]>
              </value>
            </param>
          </params>
          <reporter-output>
          </reporter-output>
        </test-method> <!-- openBrowser -->
        <test-method status="PASS" signature="openApplication()[pri:0, instance:test.TestActitimeLogin@eec5a4a]" name="openApplication" is-config="true" duration-ms="13786" started-at="2020-09-09T16:16:40Z" finished-at="2020-09-09T16:16:54Z">
          <reporter-output>
          </reporter-output>
        </test-method> <!-- openApplication -->
        <test-method status="FAIL" signature="login()[pri:0, instance:test.TestActitimeLogin@eec5a4a]" name="login" duration-ms="3949" started-at="2020-09-09T16:16:54Z" finished-at="2020-09-09T16:16:57Z">
          <exception class="org.openqa.selenium.StaleElementReferenceException">
            <message>
              <![CDATA[The element reference of <a id="loginButton" class="inProgress" href="javascript:void(0)"> is stale; either the element is no longer attached to the DOM, it is not in the current frame context, or the document has been refreshed
For documentation on this error, please visit: http://seleniumhq.org/exceptions/stale_element_reference.html
Build info: version: '3.11.0', revision: 'e59cfb3', time: '2018-03-11T20:26:55.152Z'
System info: host: 'DESKTOP-TK6NA9H', ip: '192.168.0.105', os.name: 'Windows 10', os.arch: 'amd64', os.version: '10.0', java.version: '1.8.0_261'
Driver info: org.openqa.selenium.firefox.FirefoxDriver
Capabilities {acceptInsecureCerts: true, browserName: firefox, browserVersion: 78.0.2, javascriptEnabled: true, moz:accessibilityChecks: false, moz:buildID: 20200708170202, moz:geckodriverVersion: 0.26.0, moz:headless: false, moz:processID: 14676, moz:profile: C:\Users\Shobhit\AppData\Lo..., moz:shutdownTimeout: 60000, moz:useNonSpecCompliantPointerOrigin: false, moz:webdriverClick: true, pageLoadStrategy: normal, platform: WINDOWS, platformName: WINDOWS, platformVersion: 10.0, rotatable: false, setWindowRect: true, strictFileInteractability: false, timeouts: {implicit: 0, pageLoad: 300000, script: 30000}, unhandledPromptBehavior: dismiss and notify}
Session ID: 7681d7a7-bea0-44d5-b00b-2326a9182e40]]>
            </message>
            <full-stacktrace>
              <![CDATA[org.openqa.selenium.StaleElementReferenceException: The element reference of <a id="loginButton" class="inProgress" href="javascript:void(0)"> is stale; either the element is no longer attached to the DOM, it is not in the current frame context, or the document has been refreshed
For documentation on this error, please visit: http://seleniumhq.org/exceptions/stale_element_reference.html
Build info: version: '3.11.0', revision: 'e59cfb3', time: '2018-03-11T20:26:55.152Z'
System info: host: 'DESKTOP-TK6NA9H', ip: '192.168.0.105', os.name: 'Windows 10', os.arch: 'amd64', os.version: '10.0', java.version: '1.8.0_261'
Driver info: org.openqa.selenium.firefox.FirefoxDriver
Capabilities {acceptInsecureCerts: true, browserName: firefox, browserVersion: 78.0.2, javascriptEnabled: true, moz:accessibilityChecks: false, moz:buildID: 20200708170202, moz:geckodriverVersion: 0.26.0, moz:headless: false, moz:processID: 14676, moz:profile: C:\Users\Shobhit\AppData\Lo..., moz:shutdownTimeout: 60000, moz:useNonSpecCompliantPointerOrigin: false, moz:webdriverClick: true, pageLoadStrategy: normal, platform: WINDOWS, platformName: WINDOWS, platformVersion: 10.0, rotatable: false, setWindowRect: true, strictFileInteractability: false, timeouts: {implicit: 0, pageLoad: 300000, script: 30000}, unhandledPromptBehavior: dismiss and notify}
Session ID: 7681d7a7-bea0-44d5-b00b-2326a9182e40
at sun.reflect.NativeConstructorAccessorImpl.newInstance0(Native Method)
at sun.reflect.NativeConstructorAccessorImpl.newInstance(Unknown Source)
at sun.reflect.DelegatingConstructorAccessorImpl.newInstance(Unknown Source)
at java.lang.reflect.Constructor.newInstance(Unknown Source)
at org.openqa.selenium.remote.http.W3CHttpResponseCodec.createException(W3CHttpResponseCodec.java:187)
at org.openqa.selenium.remote.http.W3CHttpResponseCodec.decode(W3CHttpResponseCodec.java:122)
at org.openqa.selenium.remote.http.W3CHttpResponseCodec.decode(W3CHttpResponseCodec.java:49)
at org.openqa.selenium.remote.HttpCommandExecutor.execute(HttpCommandExecutor.java:158)
at org.openqa.selenium.remote.service.DriverCommandExecutor.execute(DriverCommandExecutor.java:83)
at org.openqa.selenium.remote.RemoteWebDriver.execute(RemoteWebDriver.java:545)
at org.openqa.selenium.remote.RemoteWebElement.execute(RemoteWebElement.java:279)
at org.openqa.selenium.remote.RemoteWebElement.click(RemoteWebElement.java:83)
at sun.reflect.NativeMethodAccessorImpl.invoke0(Native Method)
at sun.reflect.NativeMethodAccessorImpl.invoke(Unknown Source)
at sun.reflect.DelegatingMethodAccessorImpl.invoke(Unknown Source)
at java.lang.reflect.Method.invoke(Unknown Source)
at org.openqa.selenium.support.pagefactory.internal.LocatingElementHandler.invoke(LocatingElementHandler.java:51)
at com.sun.proxy.$Proxy14.click(Unknown Source)
at pom.ActitimeLoginPage.loginMethod(ActitimeLoginPage.java:50)
at test.TestActitimeLogin.login(TestActitimeLogin.java:20)
at sun.reflect.NativeMethodAccessorImpl.invoke0(Native Method)
at sun.reflect.NativeMethodAccessorImpl.invoke(Unknown Source)
at sun.reflect.DelegatingMethodAccessorImpl.invoke(Unknown Source)
at java.lang.reflect.Method.invoke(Unknown Source)
at org.testng.internal.MethodInvocationHelper.invokeMethod(MethodInvocationHelper.java:124)
at org.testng.internal.Invoker.invokeMethod(Invoker.java:583)
at org.testng.internal.Invoker.invokeTestMethod(Invoker.java:719)
at org.testng.internal.Invoker.invokeTestMethods(Invoker.java:989)
at org.testng.internal.TestMethodWorker.invokeTestMethods(TestMethodWorker.java:125)
at org.testng.internal.TestMethodWorker.run(TestMethodWorker.java:109)
at org.testng.TestRunner.privateRun(TestRunner.java:648)
at org.testng.TestRunner.run(TestRunner.java:505)
at org.testng.SuiteRunner.runTest(SuiteRunner.java:455)
at org.testng.SuiteRunner.access$000(SuiteRunner.java:40)
at org.testng.SuiteRunner$SuiteWorker.run(SuiteRunner.java:489)
at org.testng.internal.thread.ThreadUtil$1.call(ThreadUtil.java:52)
at java.util.concurrent.FutureTask.run(Unknown Source)
at java.util.concurrent.ThreadPoolExecutor.runWorker(Unknown Source)
at java.util.concurrent.ThreadPoolExecutor$Worker.run(Unknown Source)
at java.lang.Thread.run(Unknown Source)
]]>
            </full-stacktrace>
          </exception> <!-- org.openqa.selenium.StaleElementReferenceException -->
          <reporter-output>
          </reporter-output>
        </test-method> <!-- login -->
        <test-method status="PASS" signature="closeBrowser()[pri:0, instance:test.TestActitimeLogin@eec5a4a]" name="closeBrowser" is-config="true" duration-ms="3002" started-at="2020-09-09T16:16:58Z" finished-at="2020-09-09T16:17:01Z">
          <reporter-output>
          </reporter-output>
        </test-method> <!-- closeBrowser -->
        <test-method status="PASS" signature="end()[pri:0, instance:test.TestActitimeLogin@eec5a4a]" name="end" is-config="true" duration-ms="0" started-at="2020-09-09T16:17:01Z" finished-at="2020-09-09T16:17:01Z">
          <reporter-output>
          </reporter-output>
        </test-method> <!-- end -->
      </class> <!-- test.TestActitimeLogin -->
    </test> <!-- TestEdge -->
  </suite> <!-- Suite -->
</testng-results>
